{"binlog":"mysql-bin.000052:256","db":"kelin_test","table":"user","eventType":"UPDATE","before":{"id":"6","img":"ee","sex":"32","uid":"5"},"after":{"id":"6","img":"eeasd 多岁的","sex":"32","uid":"5"},"time":"2016-08-23 15:43:55"}
{"binlog":"mysql-bin.000052:506","db":"kelin_test","table":"user","eventType":"UPDATE","before":{"id":"1","img":"444","sex":"333","uid":"2"},"after":{"id":"1","img":"444设定的","sex":"333","uid":"2"},"time":"2016-08-23 15:44:01"}
{"binlog":"mysql-bin.000052:754","db":"kelin_test","table":"user","eventType":"INSERT","before":"","after":{"id":"9","img":"盛大的","sex":"0","uid":"18"},"time":"2016-08-23 15:44:10"}
{"binlog":"mysql-bin.000052:980","db":"kelin_test","table":"user","eventType":"INSERT","before":"","after":{"id":"10","img":"盛大的","sex":"0","uid":"19"},"time":"2016-08-23 15:44:24"}
{"binlog":"mysql-bin.000052:1206","db":"kelin_test","table":"user","eventType":"DELETE","before":"","after":{"id":"6","img":"eeasd 多岁的","sex":"32","uid":"5"},"time":"2016-08-23 15:44:36"}
{"binlog":"mysql-bin.000058:256","db":"kelin_test","table":"user","eventType":"UPDATE","before":{"id":"9","img":"盛大的","sex":"0","uid":"18"},"after":{"id":"9","img":"盛大的2","sex":"0","uid":"18"},"time":"2016-08-26 17:09:26"}
{"binlog":"mysql-bin.000058:508","db":"kelin_test","table":"user","eventType":"UPDATE","before":{"id":"9","img":"盛大的2","sex":"0","uid":"18"},"after":{"id":"9","img":"盛大的23","sex":"0","uid":"18"},"time":"2016-08-26 17:15:01"}
{"binlog":"mysql-bin.000058:762","db":"kelin_test","table":"user","eventType":"UPDATE","before":{"id":"10","img":"盛大的","sex":"0","uid":"19"},"after":{"id":"10","img":"盛大的4","sex":"0","uid":"19"},"time":"2016-08-26 17:17:05"}
{"binlog":"mysql-bin.000058:1014","db":"kelin_test","table":"user","eventType":"UPDATE","before":{"id":"9","img":"盛大的23","sex":"0","uid":"18"},"after":{"id":"9","img":"2323","sex":"0","uid":"18"},"time":"2016-08-26 17:18:06"}
{"binlog":"mysql-bin.000058:1014","db":"kelin_test","table":"user","eventType":"UPDATE","before":{"id":"10","img":"盛大的4","sex":"0","uid":"19"},"after":{"id":"10","img":"2323","sex":"0","uid":"19"},"time":"2016-08-26 17:18:06"}
{"binlog":"mysql-bin.000058:1306","db":"kelin_test","table":"user","eventType":"UPDATE","before":{"id":"9","img":"2323","sex":"0","uid":"18"},"after":{"id":"9","img":"232we3","sex":"0","uid":"18"},"time":"2016-08-26 17:26:32"}
{"binlog":"mysql-bin.000058:1306","db":"kelin_test","table":"user","eventType":"UPDATE","before":{"id":"10","img":"2323","sex":"0","uid":"19"},"after":{"id":"10","img":"232we3","sex":"0","uid":"19"},"time":"2016-08-26 17:26:32"}
{"binlog":"mysql-bin.000060:256","db":"kelin_test","table":"user","eventType":"UPDATE","before":{"id":"9","img":"232we3","sex":"0","uid":"18"},"after":{"id":"9","img":"dd232we3","sex":"0","uid":"18"},"time":"2016-08-27 16:58:39"}
{"binlog":"mysql-bin.000060:503","db":"kelin_test","table":"user","eventType":"UPDATE","before":{"id":"10","img":"232we3","sex":"0","uid":"19"},"after":{"id":"10","img":"232we3f","sex":"0","uid":"19"},"time":"2016-08-27 16:59:43"}
{"binlog":"mysql-bin.000060:749","db":"kelin_test","table":"user","eventType":"UPDATE","before":{"id":"5","img":"{\"\\\\:xx\"}","sex":"2","uid":"4"},"after":{"id":"5","img":"{\"\\\\:xx\"}是","sex":"2","uid":"4"},"time":"2016-08-27 17:09:50"}
{"binlog":"mysql-bin.000060:749","db":"kelin_test","table":"user","eventType":"UPDATE","before":{"id":"5","img":"{\"\\\\:xx\"}","sex":"2","uid":"4"},"after":{"id":"5","img":"{\"\\\\:xx\"}是","sex":"2","uid":"4"},"time":"2016-08-27 17:13:21"}
{"binlog":"mysql-bin.000060:749","db":"kelin_test","table":"user","eventType":"UPDATE","before":{"id":"5","img":"{\"\\\\:xx\"}","sex":"2","uid":"4"},"after":{"id":"5","img":"{\"\\\\:xx\"}是","sex":"2","uid":"4"},"time":"2016-08-27 17:13:21"}
{"binlog":"mysql-bin.000060:1003","db":"kelin_test","table":"user","eventType":"UPDATE","before":{"id":"9","img":"dd232we3","sex":"0","uid":"18"},"after":{"id":"9","img":"dd232dwe3","sex":"0","uid":"18"},"time":"2016-08-27 17:15:09"}
{"binlog":"mysql-bin.000060:1253","db":"kelin_test","table":"user","eventType":"UPDATE","before":{"id":"9","img":"dd232dwe3","sex":"0","uid":"18"},"after":{"id":"9","img":"dd232dwe3dd","sex":"0","uid":"18"},"time":"2016-08-27 17:15:56"}
{"binlog":"mysql-bin.000060:1506","db":"kelin_test","table":"user","eventType":"UPDATE","before":{"id":"9","img":"dd232dwe3dd","sex":"0","uid":"18"},"after":{"id":"9","img":"dd232dw","sex":"0","uid":"18"},"time":"2016-08-27 17:16:52"}
{"binlog":"mysql-bin.000060:1757","db":"kelin_test","table":"user","eventType":"UPDATE","before":{"id":"10","img":"232we3f","sex":"0","uid":"19"},"after":{"id":"10","img":"232wed3f","sex":"0","uid":"19"},"time":"2016-08-27 17:17:25"}
{"binlog":"mysql-bin.000060:2005","db":"kelin_test","table":"user","eventType":"UPDATE","before":{"id":"5","img":"{\"\\\\:xx\"}是","sex":"2","uid":"4"},"after":{"id":"5","img":"{\"\\\\:xx\"}d是","sex":"2","uid":"4"},"time":"2016-08-27 17:20:10"}
{"binlog":"mysql-bin.000060:2263","db":"kelin_test","table":"user","eventType":"UPDATE","before":{"id":"9","img":"dd232dw","sex":"0","uid":"18"},"after":{"id":"9","img":"dd","sex":"0","uid":"18"},"time":"2016-08-27 17:21:52"}
{"binlog":"mysql-bin.000060:2505","db":"kelin_test","table":"user","eventType":"UPDATE","before":{"id":"1","img":"444设定的","sex":"333","uid":"2"},"after":{"id":"1","img":"444设定的w","sex":"333","uid":"2"},"time":"2016-08-27 17:23:59"}
{"binlog":"mysql-bin.000060:2763","db":"kelin_test","table":"user","eventType":"DELETE","before":"","after":{"id":"9","img":"dd","sex":"0","uid":"18"},"time":"2016-08-27 17:26:19"}
{"binlog":"mysql-bin.000060:2982","db":"kelin_test","table":"user","eventType":"UPDATE","before":{"id":"10","img":"232wed3f","sex":"0","uid":"19"},"after":{"id":"10","img":"232wfed3f","sex":"0","uid":"19"},"time":"2016-08-27 17:27:02"}
{"binlog":"mysql-bin.000060:3232","db":"kelin_test","table":"user","eventType":"UPDATE","before":{"id":"10","img":"232wfed3f","sex":"0","uid":"19"},"after":{"id":"10","img":"的","sex":"0","uid":"19"},"time":"2016-08-27 17:27:29"}
{"binlog":"mysql-bin.000060:3477","db":"kelin_test","table":"user","eventType":"UPDATE","before":{"id":"10","img":"的","sex":"0","uid":"19"},"after":{"id":"10","img":"的都懂得","sex":"0","uid":"19"},"time":"2016-08-27 17:28:12"}
{"binlog":"mysql-bin.000062:256","db":"kelin_test","table":"user","eventType":"UPDATE","before":{"id":"10","img":"的都懂得","sex":"0","uid":"19"},"after":{"id":"10","img":"的都懂得d","sex":"0","uid":"19"},"time":"2016-08-29 17:59:07"}
{"binlog":"mysql-bin.000062:514","db":"kelin_test","table":"user","eventType":"UPDATE","before":{"id":"8","img":"\"马克吐温\"的","sex":"123","uid":"6"},"after":{"id":"8","img":"\"马克吐温\"的ee","sex":"123","uid":"6"},"time":"2016-08-29 18:00:24"}
{"binlog":"mysql-bin.000062:783","db":"kelin_test","table":"user","eventType":"UPDATE","before":{"id":"10","img":"的都懂得d","sex":"0","uid":"19"},"after":{"id":"10","img":"的都懂得ddd","sex":"0","uid":"19"},"time":"2016-08-29 18:01:30"}
